<?xml version="1.0" encoding="UTF-8"?><testrun name="ProjectServiceIntegrationTest" project="TranslateIT2v4" tests="7" started="7" failures="1" errors="0" ignored="0">
  <testsuite name="translateit2.ProjectServiceIntegrationTest" time="0.597">
    <testcase name="AddEmptyProject_assertViolation_Name_SourceLocale_Format_and_Type" classname="translateit2.ProjectServiceIntegrationTest" time="0.125"/>
    <testcase name="AddProjectLongProjectName_assertViolation_ProjectNameSize" classname="translateit2.ProjectServiceIntegrationTest" time="0.236"/>
    <testcase name="AddProjectHavingShortProjectName_assertViolation__ProjectNameSize" classname="translateit2.ProjectServiceIntegrationTest" time="0.017"/>
    <testcase name="RemoveProject_assertTranslateIt2Exception" classname="translateit2.ProjectServiceIntegrationTest" time="0.094"/>
    <testcase name="UpdateProject_assertAllFields" classname="translateit2.ProjectServiceIntegrationTest" time="0.031"/>
    <testcase name="AddProject_assertAllFields" classname="translateit2.ProjectServiceIntegrationTest" time="0.031"/>
    <testcase name="RemoveProjectHavingWorks_assertWorkCount" classname="translateit2.ProjectServiceIntegrationTest" time="0.063">
      <failure>java.lang.AssertionError: 
Expected: &lt;0&gt;
     but: was &lt;0L&gt;&#13;
	at org.hamcrest.MatcherAssert.assertThat(MatcherAssert.java:20)&#13;
	at org.junit.Assert.assertThat(Assert.java:956)&#13;
	at org.junit.Assert.assertThat(Assert.java:923)&#13;
	at translateit2.ProjectServiceIntegrationTest.RemoveProjectHavingWorks_assertWorkCount(ProjectServiceIntegrationTest.java:246)&#13;
	at sun.reflect.NativeMethodAccessorImpl.invoke0(Native Method)&#13;
	at sun.reflect.NativeMethodAccessorImpl.invoke(Unknown Source)&#13;
	at sun.reflect.DelegatingMethodAccessorImpl.invoke(Unknown Source)&#13;
	at java.lang.reflect.Method.invoke(Unknown Source)&#13;
	at org.junit.runners.model.FrameworkMethod$1.runReflectiveCall(FrameworkMethod.java:50)&#13;
	at org.junit.internal.runners.model.ReflectiveCallable.run(ReflectiveCallable.java:12)&#13;
	at org.junit.runners.model.FrameworkMethod.invokeExplosively(FrameworkMethod.java:47)&#13;
	at org.junit.internal.runners.statements.InvokeMethod.evaluate(InvokeMethod.java:17)&#13;
	at org.junit.internal.runners.statements.RunBefores.evaluate(RunBefores.java:26)&#13;
	at org.springframework.test.context.junit4.statements.RunBeforeTestMethodCallbacks.evaluate(RunBeforeTestMethodCallbacks.java:75)&#13;
	at org.junit.internal.runners.statements.RunAfters.evaluate(RunAfters.java:27)&#13;
	at org.springframework.test.context.junit4.statements.RunAfterTestMethodCallbacks.evaluate(RunAfterTestMethodCallbacks.java:86)&#13;
	at org.springframework.test.context.junit4.statements.SpringRepeat.evaluate(SpringRepeat.java:84)&#13;
	at org.junit.runners.ParentRunner.runLeaf(ParentRunner.java:325)&#13;
	at org.springframework.test.context.junit4.SpringJUnit4ClassRunner.runChild(SpringJUnit4ClassRunner.java:252)&#13;
	at org.springframework.test.context.junit4.SpringJUnit4ClassRunner.runChild(SpringJUnit4ClassRunner.java:94)&#13;
	at org.junit.runners.ParentRunner$3.run(ParentRunner.java:290)&#13;
	at org.junit.runners.ParentRunner$1.schedule(ParentRunner.java:71)&#13;
	at org.junit.runners.ParentRunner.runChildren(ParentRunner.java:288)&#13;
	at org.junit.runners.ParentRunner.access$000(ParentRunner.java:58)&#13;
	at org.junit.runners.ParentRunner$2.evaluate(ParentRunner.java:268)&#13;
	at org.springframework.test.context.junit4.statements.RunBeforeTestClassCallbacks.evaluate(RunBeforeTestClassCallbacks.java:61)&#13;
	at org.springframework.test.context.junit4.statements.RunAfterTestClassCallbacks.evaluate(RunAfterTestClassCallbacks.java:70)&#13;
	at org.junit.runners.ParentRunner.run(ParentRunner.java:363)&#13;
	at org.springframework.test.context.junit4.SpringJUnit4ClassRunner.run(SpringJUnit4ClassRunner.java:191)&#13;
	at org.eclipse.jdt.internal.junit4.runner.JUnit4TestReference.run(JUnit4TestReference.java:86)&#13;
	at org.eclipse.jdt.internal.junit.runner.TestExecution.run(TestExecution.java:38)&#13;
	at org.eclipse.jdt.internal.junit.runner.RemoteTestRunner.runTests(RemoteTestRunner.java:459)&#13;
	at org.eclipse.jdt.internal.junit.runner.RemoteTestRunner.runTests(RemoteTestRunner.java:678)&#13;
	at org.eclipse.jdt.internal.junit.runner.RemoteTestRunner.run(RemoteTestRunner.java:382)&#13;
	at org.eclipse.jdt.internal.junit.runner.RemoteTestRunner.main(RemoteTestRunner.java:192)&#13;
&#13;
</failure>
    </testcase>
  </testsuite>
</testrun>
