<?xml version="1.0" encoding="UTF-8"?><testrun name="Rerun translateit2.UnitServiceIntegrationTest" project="TranslateIT2v4" tests="12" started="12" failures="1" errors="0" ignored="0">
  <testsuite name="translateit2.UnitServiceIntegrationTest" time="1.054">
    <testcase name="RemoveProjectHavingWorks_assert_WorkCount" classname="translateit2.UnitServiceIntegrationTest" time="0.164"/>
    <testcase name="AddEmptyProject_assertViolation_Name_SourceLocale_Format_and_Type" classname="translateit2.UnitServiceIntegrationTest" time="0.062"/>
    <testcase name="AddProject_assertViolation_ShortProjectName" classname="translateit2.UnitServiceIntegrationTest" time="0.047"/>
    <testcase name="RemoveProject_assertTranslateIt2Exception" classname="translateit2.UnitServiceIntegrationTest" time="0.328"/>
    <testcase name="createUnit_assertAllFields" classname="translateit2.UnitServiceIntegrationTest" time="0.078"/>
    <testcase name="createUpdateAddProjectRemoveAll_returnEmptyDB" classname="translateit2.UnitServiceIntegrationTest" time="0.094"/>
    <testcase name="CreateEmptyUnit_assertViolation" classname="translateit2.UnitServiceIntegrationTest" time="0.031">
      <failure>java.lang.AssertionError: No ConstraintViolation exceptions thrown &#13;
	at org.junit.Assert.fail(Assert.java:88)&#13;
	at translateit2.UnitServiceIntegrationTest.CreateEmptyUnit_assertViolation(UnitServiceIntegrationTest.java:143)&#13;
	at sun.reflect.NativeMethodAccessorImpl.invoke0(Native Method)&#13;
	at sun.reflect.NativeMethodAccessorImpl.invoke(Unknown Source)&#13;
	at sun.reflect.DelegatingMethodAccessorImpl.invoke(Unknown Source)&#13;
	at java.lang.reflect.Method.invoke(Unknown Source)&#13;
	at org.junit.runners.model.FrameworkMethod$1.runReflectiveCall(FrameworkMethod.java:50)&#13;
	at org.junit.internal.runners.model.ReflectiveCallable.run(ReflectiveCallable.java:12)&#13;
	at org.junit.runners.model.FrameworkMethod.invokeExplosively(FrameworkMethod.java:47)&#13;
	at org.junit.internal.runners.statements.InvokeMethod.evaluate(InvokeMethod.java:17)&#13;
	at org.junit.internal.runners.statements.RunBefores.evaluate(RunBefores.java:26)&#13;
	at org.springframework.test.context.junit4.statements.RunBeforeTestMethodCallbacks.evaluate(RunBeforeTestMethodCallbacks.java:75)&#13;
	at org.junit.internal.runners.statements.RunAfters.evaluate(RunAfters.java:27)&#13;
	at org.springframework.test.context.junit4.statements.RunAfterTestMethodCallbacks.evaluate(RunAfterTestMethodCallbacks.java:86)&#13;
	at org.springframework.test.context.junit4.statements.SpringRepeat.evaluate(SpringRepeat.java:84)&#13;
	at org.junit.runners.ParentRunner.runLeaf(ParentRunner.java:325)&#13;
	at org.springframework.test.context.junit4.SpringJUnit4ClassRunner.runChild(SpringJUnit4ClassRunner.java:252)&#13;
	at org.springframework.test.context.junit4.SpringJUnit4ClassRunner.runChild(SpringJUnit4ClassRunner.java:94)&#13;
	at org.junit.runners.ParentRunner$3.run(ParentRunner.java:290)&#13;
	at org.junit.runners.ParentRunner$1.schedule(ParentRunner.java:71)&#13;
	at org.junit.runners.ParentRunner.runChildren(ParentRunner.java:288)&#13;
	at org.junit.runners.ParentRunner.access$000(ParentRunner.java:58)&#13;
	at org.junit.runners.ParentRunner$2.evaluate(ParentRunner.java:268)&#13;
	at org.springframework.test.context.junit4.statements.RunBeforeTestClassCallbacks.evaluate(RunBeforeTestClassCallbacks.java:61)&#13;
	at org.springframework.test.context.junit4.statements.RunAfterTestClassCallbacks.evaluate(RunAfterTestClassCallbacks.java:70)&#13;
	at org.junit.runners.ParentRunner.run(ParentRunner.java:363)&#13;
	at org.springframework.test.context.junit4.SpringJUnit4ClassRunner.run(SpringJUnit4ClassRunner.java:191)&#13;
	at org.eclipse.jdt.internal.junit4.runner.JUnit4TestReference.run(JUnit4TestReference.java:86)&#13;
	at org.eclipse.jdt.internal.junit.runner.TestExecution.run(TestExecution.java:38)&#13;
	at org.eclipse.jdt.internal.junit.runner.RemoteTestRunner.runTests(RemoteTestRunner.java:459)&#13;
	at org.eclipse.jdt.internal.junit.runner.RemoteTestRunner.runTests(RemoteTestRunner.java:678)&#13;
	at org.eclipse.jdt.internal.junit.runner.RemoteTestRunner.run(RemoteTestRunner.java:382)&#13;
	at org.eclipse.jdt.internal.junit.runner.RemoteTestRunner.main(RemoteTestRunner.java:192)&#13;
&#13;
</failure>
    </testcase>
    <testcase name="updatateUnit_assertAllFields" classname="translateit2.UnitServiceIntegrationTest" time="0.063"/>
    <testcase name="AddProject_assertViolation_LongProjectName" classname="translateit2.UnitServiceIntegrationTest" time="0.031"/>
    <testcase name="UpdateProject_assertAllFields" classname="translateit2.UnitServiceIntegrationTest" time="0.031"/>
    <testcase name="AddProject_assertAllFields" classname="translateit2.UnitServiceIntegrationTest" time="0.047"/>
    <testcase name="createWork_assertProjectId_WorkId_and_WorkCountPerProject" classname="translateit2.UnitServiceIntegrationTest" time="0.078"/>
  </testsuite>
</testrun>
